[debug] [2018-09-22T23:57:06.003Z] ----------------------------------------------------------------------
[debug] [2018-09-22T23:57:06.008Z] Command:       /usr/local/bin/node /usr/local/bin/firebase deploy
[debug] [2018-09-22T23:57:06.008Z] CLI Version:   3.17.6
[debug] [2018-09-22T23:57:06.008Z] Platform:      darwin
[debug] [2018-09-22T23:57:06.008Z] Node Version:  v8.11.3
[debug] [2018-09-22T23:57:06.009Z] Time:          Sat Sep 22 2018 17:57:06 GMT-0600 (MDT)
[debug] [2018-09-22T23:57:06.009Z] ----------------------------------------------------------------------
[debug] 
[debug] [2018-09-22T23:57:06.026Z] > command requires scopes: ["email","openid","https://www.googleapis.com/auth/cloudplatformprojects.readonly","https://www.googleapis.com/auth/firebase","https://www.googleapis.com/auth/cloud-platform"]
[debug] [2018-09-22T23:57:06.026Z] > authorizing via signed-in user
[debug] [2018-09-22T23:57:06.028Z] > refreshing access token with scopes: ["email","https://www.googleapis.com/auth/cloud-platform","https://www.googleapis.com/auth/cloudplatformprojects.readonly","https://www.googleapis.com/auth/firebase","openid"]
[debug] [2018-09-22T23:57:06.028Z] >>> HTTP REQUEST POST https://www.googleapis.com/oauth2/v3/token  
 { refresh_token: '1/cs5OGFiQJW5wuP0Px9mJnTEP9yz8zPCH1mBay7U2-kY',
  client_id: '563584335869-fgrhgmd47bqnekij5i8b5pr03ho849e6.apps.googleusercontent.com',
  client_secret: 'j9iVZfS8kkCEFUPaAeJV0sAi',
  grant_type: 'refresh_token',
  scope: 'email https://www.googleapis.com/auth/cloud-platform https://www.googleapis.com/auth/cloudplatformprojects.readonly https://www.googleapis.com/auth/firebase openid' } 
 Sat Sep 22 2018 17:57:06 GMT-0600 (MDT)
[debug] [2018-09-22T23:57:06.367Z] <<< HTTP RESPONSE 200
[debug] [2018-09-22T23:57:06.467Z] >>> HTTP REQUEST GET https://admin.firebase.com/v1/projects/jordan-trimarchi  
  
 Sat Sep 22 2018 17:57:06 GMT-0600 (MDT)
[debug] [2018-09-22T23:57:06.844Z] <<< HTTP RESPONSE 200
[debug] [2018-09-22T23:57:06.845Z] >>> HTTP REQUEST GET https://admin.firebase.com/v1/database/jordan-trimarchi/tokens  
  
 Sat Sep 22 2018 17:57:06 GMT-0600 (MDT)
[debug] [2018-09-22T23:57:07.214Z] <<< HTTP RESPONSE 200
[info] 
[info] === Deploying to 'jordan-trimarchi'...
[info] 
[info] i  deploying hosting
[info] i  hosting: preparing public directory for upload...
[debug] [2018-09-22T23:57:11.144Z] >>> HTTP REQUEST PUT https://deploy.firebase.com/v1/hosting/jordan-trimarchi/uploads/-LN2hmeMbdB_DNzO3u67?fileCount=3031&message=  
  
 Sat Sep 22 2018 17:57:11 GMT-0600 (MDT)
